<?xml version="1.0" encoding="UTF-8"?>
<!-- Generated by org.testng.reporters.JUnitXMLReporter -->
<testsuite ignored="0" hostname="DESKTOP-RDK9582" failures="0" tests="6" name="CurrentAccount" time="0.477" errors="0" timestamp="2024-10-13T09:41:03 IST">
  <testcase classname="TestNG1.Test1TestNG.TestNGExample" name="test1" time="0.051"/>
  <testcase classname="TestNG1.Test1TestNG.TestNGExample" name="test2" time="0.01"/>
  <testcase classname="TestNG1.Test1TestNG.CurrentAccountTestClass1" name="test1" time="0.011"/>
  <testcase classname="TestNG1.Test1TestNG.CurrentAccountTestClass1" name="test2" time="0.003"/>
  <testcase classname="TestNG1.Test1TestNG.CurrentAccountTestClass2" name="test1" time="0.007"/>
  <testcase classname="TestNG1.Test1TestNG.CurrentAccountTestClass2" name="test2" time="0.007"/>
</testsuite> <!-- CurrentAccount -->
