<?xml version="1.0" encoding="UTF-8"?>
<!-- Generated by org.testng.reporters.JUnitXMLReporter -->
<testsuite ignored="1" hostname="DESKTOP-RDK9582" failures="0" tests="11" name="Test" time="0.358" errors="0" timestamp="2024-10-13T10:00:47 IST">
  <testcase classname="TestNG1.Test1TestNG.TestNGExample" name="test1" time="0.024"/>
  <testcase classname="TestNG1.Test1TestNG.TestNGExample" name="test2" time="0.012"/>
  <testcase classname="TestNG1.Test1TestNG.CurrentAccountTestClass1" name="test1" time="0.01"/>
  <testcase classname="TestNG1.Test1TestNG.CurrentAccountTestClass1" name="test2" time="0.004"/>
  <testcase classname="TestNG1.Test1TestNG.LoanDepartment" name="APIloginAutomobilelLoan" time="0.01"/>
  <testcase classname="TestNG1.Test1TestNG.LoanDepartment" name="APIloginPersonalLoan" time="0.024"/>
  <testcase classname="TestNG1.Test1TestNG.LoanDepartment" name="MobileloginAutomobilelLoan" time="0.004"/>
  <testcase classname="TestNG1.Test1TestNG.LoanDepartment" name="WebloginAutomobilelLoan" time="0.008"/>
  <testcase classname="TestNG1.Test1TestNG.LoanDepartment" name="WebloginPersonalLoan" time="0.002"/>
  <testcase classname="TestNG1.Test1TestNG.CurrentAccountTestClass2" name="test1" time="0.008"/>
  <testcase classname="TestNG1.Test1TestNG.CurrentAccountTestClass2" name="test2" time="0.003"/>
  <testcase classname="TestNG1.Test1TestNG.LoanDepartment" name="MobileloginPersonalLoan" time="0.0">
    <ignored/>
  </testcase> <!-- MobileloginPersonalLoan -->
</testsuite> <!-- Test -->
