<?xml version="1.0" encoding="UTF-8"?>
<!-- Generated by org.testng.reporters.JUnitXMLReporter -->
<testsuite ignored="0" hostname="DESKTOP-RDK9582" failures="0" tests="10" name="Test11" time="0.308" errors="0" timestamp="2024-10-21T16:45:28 IST">
  <testcase classname="BatchTesting.LoginTest" name="loginByEmail" time="0.013"/>
  <testcase classname="BatchTesting.LoginTest" name="loginByMobileNumber" time="0.003"/>
  <testcase classname="BatchTesting.PaymentTest" name="CashOnDelivery" time="0.004"/>
  <testcase classname="BatchTesting.PaymentTest" name="UPIBanking" time="0.006"/>
  <testcase classname="BatchTesting.HomeScreenTest" name="LaunchApplication" time="0.005"/>
  <testcase classname="BatchTesting.HomeScreenTest" name="VerifyTitle" time="0.009"/>
  <testcase classname="BatchTesting.HomeScreenTest" name="Verifylogo" time="0.006"/>
  <testcase classname="BatchTesting.ProductPageTest" name="AddProductToCart" time="0.017"/>
  <testcase classname="BatchTesting.ProductPageTest" name="AddProductToWishList" time="0.008"/>
  <testcase classname="BatchTesting.ProductPageTest" name="SelectQuantity" time="0.008"/>
</testsuite> <!-- Test11 -->
