<?xml version="1.0" encoding="UTF-8"?>
<!-- Generated by org.testng.reporters.JUnitXMLReporter -->
<testsuite ignored="0" hostname="DESKTOP-RDK9582" failures="1" tests="1" name="Test1" time="0.246" errors="0" timestamp="2024-10-16T14:40:03 IST">
  <testcase classname="TestNG1.Test1TestNG.SoftwareCompaneyParameter$AutomobileParameter" name="testCase1" time="0.0">
    <failure type="org.testng.TestNGException" message="
Cannot inject @Test annotated Method [testCase1] with [class java.lang.String].
For more information on native dependency injection please refer to https://testng.org/doc/documentation-main.html#native-dependency-injection">
      <![CDATA[org.testng.TestNGException: 
Cannot inject @Test annotated Method [testCase1] with [class java.lang.String].
For more information on native dependency injection please refer to https://testng.org/doc/documentation-main.html#native-dependency-injection
at java.base/java.util.ArrayList.forEach(ArrayList.java:1511)
... Removed 26 stack frames]]>
    </failure>
  </testcase> <!-- testCase1 -->
</testsuite> <!-- Test1 -->
