<?xml version="1.0" encoding="UTF-8"?>
<!-- Generated by org.testng.reporters.JUnitXMLReporter -->
<testsuite ignored="0" hostname="DESKTOP-RDK9582" failures="0" tests="3" name="Test" time="0.211" errors="0" timestamp="2024-10-16T14:21:11 IST">
  <testcase classname="TestNG1.Test1TestNG.TestNGParameterDemo" name="Mul" time="0.021"/>
  <testcase classname="TestNG1.Test1TestNG.TestNGParameterDemo" name="add" time="0.009"/>
  <testcase classname="TestNG1.Test1TestNG.TestNGParameterDemo" name="sub" time="0.009"/>
</testsuite> <!-- Test -->
