<?xml version="1.0" encoding="UTF-8"?>
<!-- Generated by org.testng.reporters.JUnitXMLReporter -->
<testsuite ignored="0" hostname="DESKTOP-RDK9582" failures="1" tests="5" name="Test1" time="0.688" errors="0" timestamp="2024-10-24T12:01:37 IST">
  <testcase classname="ExtentReportDemo.TestCaseEample" name="testMethod1" time="0.023"/>
  <testcase classname="ExtentReportDemo.TestCaseEample" name="testMethod2" time="0.024">
    <failure type="java.lang.AssertionError" message="expected [true] but found [false]">
      <![CDATA[java.lang.AssertionError: expected [true] but found [false]
at ExtentReportDemo.TestCaseEample.testMethod2(TestCaseEample.java:20)
at java.base/java.util.ArrayList.forEach(ArrayList.java:1511)
... Removed 31 stack frames]]>
    </failure>
  </testcase> <!-- testMethod2 -->
  <testcase classname="ExtentReportDemo.TestCaseEample" name="testMethod3" time="0.004"/>
  <testcase classname="ExtentReportDemo.TestCaseEample" name="testMethod4" time="0.004"/>
  <testcase classname="ExtentReportDemo.TestCaseEample" name="testMethod5" time="0.006">
    <skipped/>
  </testcase> <!-- testMethod5 -->
</testsuite> <!-- Test1 -->
